<?xml version="1.0" encoding="UTF-8"?>
<!-- Generated by org.testng.reporters.JUnitReportReporter -->
<testsuite hostname="TTV_DT_QA013" name="duskin.uttest.UT_CheckValidation_AddProduct" tests="3" failures="0" timestamp="22 Feb 2017 02:15:48 GMT" time="52.661" errors="0">
  <testcase name="TestKeywordName" time="17.211" classname="duskin.uttest.UT_CheckValidation_AddProduct"/>
  <testcase name="TestKeywordName" time="17.995" classname="duskin.uttest.UT_CheckValidation_AddProduct"/>
  <testcase name="TestKeywordName" time="17.455" classname="duskin.uttest.UT_CheckValidation_AddProduct"/>
</testsuite> <!-- duskin.uttest.UT_CheckValidation_AddProduct -->
