<?xml version="1.0" encoding="UTF-8"?>
<!-- Generated by org.testng.reporters.JUnitReportReporter -->
<testsuite hostname="TTV_DT_QA013" name="duskin.uttest.UT_CheckValidation_AddCategory" tests="5" failures="0" timestamp="22 Feb 2017 06:53:53 GMT" time="69.530" errors="0">
  <testcase name="TestCategoryName" time="15.178" classname="duskin.uttest.UT_CheckValidation_AddCategory"/>
  <testcase name="TestCategoryNullAllFields" time="11.586" classname="duskin.uttest.UT_CheckValidation_AddCategory"/>
  <testcase name="TestListFile" time="14.186" classname="duskin.uttest.UT_CheckValidation_AddCategory"/>
  <testcase name="TestListFile" time="14.187" classname="duskin.uttest.UT_CheckValidation_AddCategory"/>
  <testcase name="TestCategoryName" time="14.393" classname="duskin.uttest.UT_CheckValidation_AddCategory"/>
</testsuite> <!-- duskin.uttest.UT_CheckValidation_AddCategory -->
