<?xml version="1.0" encoding="UTF-8"?>
<!-- Generated by org.testng.reporters.JUnitReportReporter -->
<testsuite hostname="TTV_DT_QA013" name="duskin.uttest.UT_CheckValidation_AddKeyword" tests="1" failures="0" timestamp="22 Feb 2017 03:37:40 GMT" time="12.498" errors="0">
  <testcase name="TestKeywordNullAllFields" time="12.498" classname="duskin.uttest.UT_CheckValidation_AddKeyword"/>
</testsuite> <!-- duskin.uttest.UT_CheckValidation_AddKeyword -->
