<?xml version="1.0" encoding="UTF-8"?>
<!-- Generated by org.testng.reporters.JUnitReportReporter -->
<testsuite hostname="TTV_DT_QA013" name="duskin.test.com.UT_CheckValidation_AddBanner" tests="1" failures="0" timestamp="15 Feb 2017 03:51:07 GMT" time="17.406" errors="0">
  <testcase name="TestBannerName" time="17.406" classname="duskin.test.com.UT_CheckValidation_AddBanner"/>
</testsuite> <!-- duskin.test.com.UT_CheckValidation_AddBanner -->
