<?xml version="1.0" encoding="UTF-8"?>
<!-- Generated by org.testng.reporters.JUnitReportReporter -->
<testsuite hostname="TTV_DT_QA013" name="duskin.uttest.UT_CheckValidation_AddSubCatagory" tests="3" failures="0" timestamp="22 Feb 2017 09:01:37 GMT" time="46.856" errors="0">
  <testcase name="TestCategoryName" time="16.676" classname="duskin.uttest.UT_CheckValidation_AddSubCatagory"/>
  <testcase name="TestCategoryName" time="17.649" classname="duskin.uttest.UT_CheckValidation_AddSubCatagory"/>
  <testcase name="TestCategoryNullAllFields" time="12.531" classname="duskin.uttest.UT_CheckValidation_AddSubCatagory"/>
</testsuite> <!-- duskin.uttest.UT_CheckValidation_AddSubCatagory -->
